2017-10-11 10:35:05  [ main:0 ] - [ INFO ]  Processing...F:/BAK/temp/test.xlsx
2017-10-11 10:37:05  [ main:0 ] - [ INFO ]  Processing...F:/BAK/temp/test.xlsx
2017-10-11 10:37:13  [ main:0 ] - [ INFO ]  Processing...F:/BAK/temp/test.xlsx
2017-10-11 10:39:08  [ main:0 ] - [ INFO ]  Processing...F:/BAK/temp/test.xlsx
2017-10-11 10:41:36  [ main:0 ] - [ INFO ]  Processing...F:/BAK/temp/test.xlsx
2017-10-11 10:44:51  [ main:0 ] - [ INFO ]  Processing...F:/BAK/temp/test.xlsx
2017-10-11 10:44:52  [ main:536 ] - [ INFO ]  bjx
2017-10-11 10:44:52  [ main:542 ] - [ INFO ]  1234bjx
2017-10-11 10:44:52  [ main:543 ] - [ INFO ]  hw
2017-10-11 10:44:52  [ main:544 ] - [ INFO ]  1234hw
2017-10-11 10:44:52  [ main:545 ] - [ INFO ]  bjx
2017-10-11 10:44:52  [ main:546 ] - [ INFO ]  1234bjx
2017-10-11 10:44:52  [ main:546 ] - [ INFO ]  hw
2017-10-11 10:44:52  [ main:549 ] - [ INFO ]  1234hw
2017-10-11 10:47:00  [ main:0 ] - [ INFO ]  Processing...F:/BAK/temp/test.xlsx
2017-10-11 10:48:09  [ main:0 ] - [ INFO ]  Processing...F:/BAK/temp/test.xlsx
2017-10-11 10:51:43  [ main:0 ] - [ INFO ]  Processing...F:/BAK/temp/test.xlsx
2017-10-11 10:53:22  [ main:0 ] - [ INFO ]  Processing...F:/BAK/temp/test.xlsx
2017-10-11 10:55:56  [ main:0 ] - [ INFO ]  Processing...F:/BAK/temp/test.xlsx
2017-10-11 10:56:20  [ main:0 ] - [ INFO ]  Processing...F:/BAK/temp/test.xlsx
2017-10-11 10:57:24  [ main:0 ] - [ INFO ]  Processing...F:/BAK/temp/test.xlsx
2017-10-11 10:58:02  [ main:0 ] - [ INFO ]  Processing...F:/BAK/temp/test.xlsx
2017-10-11 14:21:19  [ main:0 ] - [ INFO ]  Processing...F:/BAK/temp/新建 FTP采集模板 - 样例.xlsx
2017-10-11 14:23:42  [ main:0 ] - [ INFO ]  Processing...F:/BAK/temp/新建 FTP采集模板 - 样例.xlsx
2017-10-11 14:24:13  [ main:0 ] - [ INFO ]  Processing...F:/BAK/temp/新建 FTP采集模板 - 样例.xlsx
2017-10-11 14:28:42  [ main:0 ] - [ INFO ]  Processing...F:/BAK/temp/新建 FTP采集模板 - 样例.xlsx
2017-10-11 14:29:43  [ main:0 ] - [ INFO ]  Processing...F:/BAK/temp/新建 FTP采集模板 - 样例.xlsx
2017-10-11 14:32:09  [ main:0 ] - [ INFO ]  Processing...F:/BAK/temp/新建 FTP采集模板 - 样例.xlsx
2017-10-11 14:32:10  [ main:717 ] - [ INFO ]  Processing...F:/BAK/temp/FTP采集配置记录.xlsx
2017-10-11 14:35:54  [ main:0 ] - [ INFO ]  Processing...F:/BAK/temp/新建 FTP采集模板 - 样例.xlsx
2017-10-11 14:35:55  [ main:747 ] - [ INFO ]  Processing...F:/BAK/temp/FTP采集配置记录.xlsx
2017-10-11 14:38:55  [ main:0 ] - [ INFO ]  Processing...F:/BAK/temp/新建 FTP采集模板 - 样例.xlsx
2017-10-11 14:38:55  [ main:749 ] - [ INFO ]  Processing...F:/BAK/temp/FTP采集配置记录.xlsx
2017-10-11 14:42:12  [ main:0 ] - [ INFO ]  Processing...F:/BAK/temp/新建 FTP采集模板 - 样例.xlsx
2017-10-11 14:42:13  [ main:698 ] - [ INFO ]  Processing...F:/BAK/temp/FTP采集配置记录.xlsx
2017-10-11 15:09:41  [ main:0 ] - [ INFO ]  Processing...F:/BAK/temp/新建 FTP采集模板 - 样例.xlsx
2017-10-11 15:09:42  [ main:766 ] - [ INFO ]  {
	"id":"FTP-EXAMPLE",
	"url":"ftp://inas:1Na512#$@10.221.232.140:21//home/BassFtpUser/jikeOrder/JK_NRTM_BSday_SH_(.*?)_P01_END.csv",
	"maxTimeSql":"select nvl(max(TIME),trunc(sysdate-3)) from ipmsdw.O_SE_ST_GCUST_BS_D",
	"insertSql":"insert into ipmsdw.O_SE_ST_GCUST_BS_D (TIME,CHARGENAME,CHARGEPHONE,PROVINCE_ID,STARTTIMEDAY,NETACCNBR,DATAACCNBR,VOICEACCNBR,VPNACCNBR,APNACCNBR,SMSACCNBR,NETACCAAANBR,NETACCAANBR,NETACCANBR,NETACCCOMNBR,DATAACCAAANBR,DATAACCAANBR,DATAACCANBR,DATAACCCOMNBR,VOIACCAAANBR,VOIACCAANBR,VOIACCANBR,VOIACCCOMNBR,VPNACCAAANBR,VPNACCAANBR,VPNACCANBR,VPNACCCOMNBR,APNACCAAANBR,APNACCAANBR,APNACCANBR,APNACCCOMNBR,SMSACCAAANBR,SMSACCAANBR,SMSACCANBR,SMSACCCOMNBR,NETACCGOLDNBR,NETACCAGNBR,NETACCCUNBR,NETACCSTANBR,DATAACCGOLDNBR,DATAACCAGNBR,DATAACCCUNBR,DATAACCSTANBR,VOIACCGOLDNBR,VOIACCAGNBR,VOIACCCUNBR,VOIACCSTANBR,VPNACCGOLDNBR,VPNACCAGNBR,VPNACCCUNBR,VPNACCSTANBR,APNACCGOLDNBR,APNACCAGNBR,APNACCCUNBR,APNACCSTANBR,SMSACCGOLDNBR,SMSACCAGNBR,SMSACCCUNBR,SMSACCSTANBR,NETACCPONNBR,NETACCPTNBR,NETACCSMNBR,NETACCOPNBR,NETACCOTNNBR,NETACCOTHERNBR,DATAACCPONNBR,DATAACCPTNBR,DATAACCSMNBR,DATAACCOPNBR,DATAACCOTNNBR,DATAACCOTHERNBR,VOIACCPONNBR,VOIACCPTNBR,VOIACCSMNBR,VOIACCOPNBR,VOIACCOTNNBR,VOIACCOTHERNBR,VPNACCPONNBR,VPNACCPTNBR,VPNACCSMNBR,VPNACCOPNBR,VPNACCOTNNBR,VPNACCOTHERNBR,NETACC4MNBR,NETACC10MNBR,NETACC20MNBR,NETACC50MNBR,NETACC100MNBR,NETACC200MNBR,NETACC500MNBR,NETACC1GNBR,NETACC5GNBR,NETACC10GNBR,NETACCMORE12GNBR,DATAACC4MNBR,DATAACC10MNBR,DATAACC20MNBR,DATAACC50MNBR,DATAACC100MNBR,DATAACC200MNBR,DATAACC500MNBR,DATAACC1GNBR,DATAACC5GNBR,DATAACC10GNBR,DATAACCMORE12GNBR,NETACCUSERNBR,DATAACCUSERNBR,VOICEACCUSERNBR,VPNACCUSERNBR,APNACCUSERNBR,SMSACCUSERNBR) values (to_date(?,'SYYYY-MM-DD HH24:MI:SS'),?,?,?,?,?,?,?,?,?,?,?,?,?,?,?,?,?,?,?,?,?,?,?,?,?,?,?,?,?,?,?,?,?,?,?,?,?,?,?,?,?,?,?,?,?,?,?,?,?,?,?,?,?,?,?,?,?,?,?,?,?,?,?,?,?,?,?,?,?,?,?,?,?,?,?,?,?,?,?,?,?,?,?,?,?,?,?,?,?,?,?,?,?,?,?,?,?,?,?,?,?,?,?,?,?,?,?,?,?,?)",
	"insertParam":"TIME,CHARGENAME,CHARGEPHONE,PROVINCE_ID,STARTTIMEDAY,NETACCNBR,DATAACCNBR,VOICEACCNBR,VPNACCNBR,APNACCNBR,SMSACCNBR,NETACCAAANBR,NETACCAANBR,NETACCANBR,NETACCCOMNBR,DATAACCAAANBR,DATAACCAANBR,DATAACCANBR,DATAACCCOMNBR,VOIACCAAANBR,VOIACCAANBR,VOIACCANBR,VOIACCCOMNBR,VPNACCAAANBR,VPNACCAANBR,VPNACCANBR,VPNACCCOMNBR,APNACCAAANBR,APNACCAANBR,APNACCANBR,APNACCCOMNBR,SMSACCAAANBR,SMSACCAANBR,SMSACCANBR,SMSACCCOMNBR,NETACCGOLDNBR,NETACCAGNBR,NETACCCUNBR,NETACCSTANBR,DATAACCGOLDNBR,DATAACCAGNBR,DATAACCCUNBR,DATAACCSTANBR,VOIACCGOLDNBR,VOIACCAGNBR,VOIACCCUNBR,VOIACCSTANBR,VPNACCGOLDNBR,VPNACCAGNBR,VPNACCCUNBR,VPNACCSTANBR,APNACCGOLDNBR,APNACCAGNBR,APNACCCUNBR,APNACCSTANBR,SMSACCGOLDNBR,SMSACCAGNBR,SMSACCCUNBR,SMSACCSTANBR,NETACCPONNBR,NETACCPTNBR,NETACCSMNBR,NETACCOPNBR,NETACCOTNNBR,NETACCOTHERNBR,DATAACCPONNBR,DATAACCPTNBR,DATAACCSMNBR,DATAACCOPNBR,DATAACCOTNNBR,DATAACCOTHERNBR,VOIACCPONNBR,VOIACCPTNBR,VOIACCSMNBR,VOIACCOPNBR,VOIACCOTNNBR,VOIACCOTHERNBR,VPNACCPONNBR,VPNACCPTNBR,VPNACCSMNBR,VPNACCOPNBR,VPNACCOTNNBR,VPNACCOTHERNBR,NETACC4MNBR,NETACC10MNBR,NETACC20MNBR,NETACC50MNBR,NETACC100MNBR,NETACC200MNBR,NETACC500MNBR,NETACC1GNBR,NETACC5GNBR,NETACC10GNBR,NETACCMORE11GNBR,DATAACC4MNBR,DATAACC10MNBR,DATAACC20MNBR,DATAACC50MNBR,DATAACC100MNBR,DATAACC200MNBR,DATAACC500MNBR,DATAACC1GNBR,DATAACC5GNBR,DATAACC10GNBR,DATAACCMORE11GNBR,NETACCUSERNBR,DATAACCUSERNBR,VOICEACCUSERNBR,VPNACCUSERNBR,APNACCUSERNBR,SMSACCUSERNBR",
	"parerClass":"com.eastcom_sw.inas.collect.parser.CsvParser",
	"extInfo":{
		"seperator":"|",
		"headsName":"TIME,CHARGENAME,CHARGEPHONE,PROVINCE_ID,STARTTIMEDAY,NETACCNBR,DATAACCNBR,VOICEACCNBR,VPNACCNBR,APNACCNBR,SMSACCNBR,NETACCAAANBR,NETACCAANBR,NETACCANBR,NETACCCOMNBR,DATAACCAAANBR,DATAACCAANBR,DATAACCANBR,DATAACCCOMNBR,VOIACCAAANBR,VOIACCAANBR,VOIACCANBR,VOIACCCOMNBR,VPNACCAAANBR,VPNACCAANBR,VPNACCANBR,VPNACCCOMNBR,APNACCAAANBR,APNACCAANBR,APNACCANBR,APNACCCOMNBR,SMSACCAAANBR,SMSACCAANBR,SMSACCANBR,SMSACCCOMNBR,NETACCGOLDNBR,NETACCAGNBR,NETACCCUNBR,NETACCSTANBR,DATAACCGOLDNBR,DATAACCAGNBR,DATAACCCUNBR,DATAACCSTANBR,VOIACCGOLDNBR,VOIACCAGNBR,VOIACCCUNBR,VOIACCSTANBR,VPNACCGOLDNBR,VPNACCAGNBR,VPNACCCUNBR,VPNACCSTANBR,APNACCGOLDNBR,APNACCAGNBR,APNACCCUNBR,APNACCSTANBR,SMSACCGOLDNBR,SMSACCAGNBR,SMSACCCUNBR,SMSACCSTANBR,NETACCPONNBR,NETACCPTNBR,NETACCSMNBR,NETACCOPNBR,NETACCOTNNBR,NETACCOTHERNBR,DATAACCPONNBR,DATAACCPTNBR,DATAACCSMNBR,DATAACCOPNBR,DATAACCOTNNBR,DATAACCOTHERNBR,VOIACCPONNBR,VOIACCPTNBR,VOIACCSMNBR,VOIACCOPNBR,VOIACCOTNNBR,VOIACCOTHERNBR,VPNACCPONNBR,VPNACCPTNBR,VPNACCSMNBR,VPNACCOPNBR,VPNACCOTNNBR,VPNACCOTHERNBR,NETACC4MNBR,NETACC10MNBR,NETACC20MNBR,NETACC50MNBR,NETACC100MNBR,NETACC200MNBR,NETACC500MNBR,NETACC1GNBR,NETACC5GNBR,NETACC10GNBR,NETACCMORE10GNBR,DATAACC4MNBR,DATAACC10MNBR,DATAACC20MNBR,DATAACC50MNBR,DATAACC100MNBR,DATAACC200MNBR,DATAACC500MNBR,DATAACC1GNBR,DATAACC5GNBR,DATAACC10GNBR,DATAACCMORE10GNBR,NETACCUSERNBR,DATAACCUSERNBR,VOICEACCUSERNBR,VPNACCUSERNBR,APNACCUSERNBR,SMSACCUSERNBR",
		"charset":"utf-8",
		"x":"1"
	}
}
2017-10-11 15:09:42  [ main:768 ] - [ INFO ]  Processing...F:/BAK/temp/FTP采集配置记录.xlsx
2017-10-11 15:10:06  [ main:0 ] - [ INFO ]  Processing...F:/BAK/temp/新建 FTP采集模板 - 样例.xlsx
2017-10-11 15:10:07  [ main:741 ] - [ INFO ]  {
	"id":"FTP-EXAMPLE",
	"url":"ftp://inas:1Na512#$@10.221.232.140:21//home/BassFtpUser/jikeOrder/JK_NRTM_BSday_SH_(.*?)_P01_END.csv",
	"maxTimeSql":"select nvl(max(TIME),trunc(sysdate-3)) from ipmsdw.O_SE_ST_GCUST_BS_D",
	"insertSql":"insert into ipmsdw.O_SE_ST_GCUST_BS_D (TIME,CHARGENAME,CHARGEPHONE,PROVINCE_ID,STARTTIMEDAY,NETACCNBR,DATAACCNBR,VOICEACCNBR,VPNACCNBR,APNACCNBR,SMSACCNBR,NETACCAAANBR,NETACCAANBR,NETACCANBR,NETACCCOMNBR,DATAACCAAANBR,DATAACCAANBR,DATAACCANBR,DATAACCCOMNBR,VOIACCAAANBR,VOIACCAANBR,VOIACCANBR,VOIACCCOMNBR,VPNACCAAANBR,VPNACCAANBR,VPNACCANBR,VPNACCCOMNBR,APNACCAAANBR,APNACCAANBR,APNACCANBR,APNACCCOMNBR,SMSACCAAANBR,SMSACCAANBR,SMSACCANBR,SMSACCCOMNBR,NETACCGOLDNBR,NETACCAGNBR,NETACCCUNBR,NETACCSTANBR,DATAACCGOLDNBR,DATAACCAGNBR,DATAACCCUNBR,DATAACCSTANBR,VOIACCGOLDNBR,VOIACCAGNBR,VOIACCCUNBR,VOIACCSTANBR,VPNACCGOLDNBR,VPNACCAGNBR,VPNACCCUNBR,VPNACCSTANBR,APNACCGOLDNBR,APNACCAGNBR,APNACCCUNBR,APNACCSTANBR,SMSACCGOLDNBR,SMSACCAGNBR,SMSACCCUNBR,SMSACCSTANBR,NETACCPONNBR,NETACCPTNBR,NETACCSMNBR,NETACCOPNBR,NETACCOTNNBR,NETACCOTHERNBR,DATAACCPONNBR,DATAACCPTNBR,DATAACCSMNBR,DATAACCOPNBR,DATAACCOTNNBR,DATAACCOTHERNBR,VOIACCPONNBR,VOIACCPTNBR,VOIACCSMNBR,VOIACCOPNBR,VOIACCOTNNBR,VOIACCOTHERNBR,VPNACCPONNBR,VPNACCPTNBR,VPNACCSMNBR,VPNACCOPNBR,VPNACCOTNNBR,VPNACCOTHERNBR,NETACC4MNBR,NETACC10MNBR,NETACC20MNBR,NETACC50MNBR,NETACC100MNBR,NETACC200MNBR,NETACC500MNBR,NETACC1GNBR,NETACC5GNBR,NETACC10GNBR,NETACCMORE12GNBR,DATAACC4MNBR,DATAACC10MNBR,DATAACC20MNBR,DATAACC50MNBR,DATAACC100MNBR,DATAACC200MNBR,DATAACC500MNBR,DATAACC1GNBR,DATAACC5GNBR,DATAACC10GNBR,DATAACCMORE12GNBR,NETACCUSERNBR,DATAACCUSERNBR,VOICEACCUSERNBR,VPNACCUSERNBR,APNACCUSERNBR,SMSACCUSERNBR) values (to_date(?,'SYYYY-MM-DD HH24:MI:SS'),?,?,?,?,?,?,?,?,?,?,?,?,?,?,?,?,?,?,?,?,?,?,?,?,?,?,?,?,?,?,?,?,?,?,?,?,?,?,?,?,?,?,?,?,?,?,?,?,?,?,?,?,?,?,?,?,?,?,?,?,?,?,?,?,?,?,?,?,?,?,?,?,?,?,?,?,?,?,?,?,?,?,?,?,?,?,?,?,?,?,?,?,?,?,?,?,?,?,?,?,?,?,?,?,?,?,?,?,?,?)",
	"insertParam":"TIME,CHARGENAME,CHARGEPHONE,PROVINCE_ID,STARTTIMEDAY,NETACCNBR,DATAACCNBR,VOICEACCNBR,VPNACCNBR,APNACCNBR,SMSACCNBR,NETACCAAANBR,NETACCAANBR,NETACCANBR,NETACCCOMNBR,DATAACCAAANBR,DATAACCAANBR,DATAACCANBR,DATAACCCOMNBR,VOIACCAAANBR,VOIACCAANBR,VOIACCANBR,VOIACCCOMNBR,VPNACCAAANBR,VPNACCAANBR,VPNACCANBR,VPNACCCOMNBR,APNACCAAANBR,APNACCAANBR,APNACCANBR,APNACCCOMNBR,SMSACCAAANBR,SMSACCAANBR,SMSACCANBR,SMSACCCOMNBR,NETACCGOLDNBR,NETACCAGNBR,NETACCCUNBR,NETACCSTANBR,DATAACCGOLDNBR,DATAACCAGNBR,DATAACCCUNBR,DATAACCSTANBR,VOIACCGOLDNBR,VOIACCAGNBR,VOIACCCUNBR,VOIACCSTANBR,VPNACCGOLDNBR,VPNACCAGNBR,VPNACCCUNBR,VPNACCSTANBR,APNACCGOLDNBR,APNACCAGNBR,APNACCCUNBR,APNACCSTANBR,SMSACCGOLDNBR,SMSACCAGNBR,SMSACCCUNBR,SMSACCSTANBR,NETACCPONNBR,NETACCPTNBR,NETACCSMNBR,NETACCOPNBR,NETACCOTNNBR,NETACCOTHERNBR,DATAACCPONNBR,DATAACCPTNBR,DATAACCSMNBR,DATAACCOPNBR,DATAACCOTNNBR,DATAACCOTHERNBR,VOIACCPONNBR,VOIACCPTNBR,VOIACCSMNBR,VOIACCOPNBR,VOIACCOTNNBR,VOIACCOTHERNBR,VPNACCPONNBR,VPNACCPTNBR,VPNACCSMNBR,VPNACCOPNBR,VPNACCOTNNBR,VPNACCOTHERNBR,NETACC4MNBR,NETACC10MNBR,NETACC20MNBR,NETACC50MNBR,NETACC100MNBR,NETACC200MNBR,NETACC500MNBR,NETACC1GNBR,NETACC5GNBR,NETACC10GNBR,NETACCMORE11GNBR,DATAACC4MNBR,DATAACC10MNBR,DATAACC20MNBR,DATAACC50MNBR,DATAACC100MNBR,DATAACC200MNBR,DATAACC500MNBR,DATAACC1GNBR,DATAACC5GNBR,DATAACC10GNBR,DATAACCMORE11GNBR,NETACCUSERNBR,DATAACCUSERNBR,VOICEACCUSERNBR,VPNACCUSERNBR,APNACCUSERNBR,SMSACCUSERNBR",
	"parerClass":"com.eastcom_sw.inas.collect.parser.CsvParser",
	"extInfo":{
		"seperator":"|",
		"headsName":"TIME,CHARGENAME,CHARGEPHONE,PROVINCE_ID,STARTTIMEDAY,NETACCNBR,DATAACCNBR,VOICEACCNBR,VPNACCNBR,APNACCNBR,SMSACCNBR,NETACCAAANBR,NETACCAANBR,NETACCANBR,NETACCCOMNBR,DATAACCAAANBR,DATAACCAANBR,DATAACCANBR,DATAACCCOMNBR,VOIACCAAANBR,VOIACCAANBR,VOIACCANBR,VOIACCCOMNBR,VPNACCAAANBR,VPNACCAANBR,VPNACCANBR,VPNACCCOMNBR,APNACCAAANBR,APNACCAANBR,APNACCANBR,APNACCCOMNBR,SMSACCAAANBR,SMSACCAANBR,SMSACCANBR,SMSACCCOMNBR,NETACCGOLDNBR,NETACCAGNBR,NETACCCUNBR,NETACCSTANBR,DATAACCGOLDNBR,DATAACCAGNBR,DATAACCCUNBR,DATAACCSTANBR,VOIACCGOLDNBR,VOIACCAGNBR,VOIACCCUNBR,VOIACCSTANBR,VPNACCGOLDNBR,VPNACCAGNBR,VPNACCCUNBR,VPNACCSTANBR,APNACCGOLDNBR,APNACCAGNBR,APNACCCUNBR,APNACCSTANBR,SMSACCGOLDNBR,SMSACCAGNBR,SMSACCCUNBR,SMSACCSTANBR,NETACCPONNBR,NETACCPTNBR,NETACCSMNBR,NETACCOPNBR,NETACCOTNNBR,NETACCOTHERNBR,DATAACCPONNBR,DATAACCPTNBR,DATAACCSMNBR,DATAACCOPNBR,DATAACCOTNNBR,DATAACCOTHERNBR,VOIACCPONNBR,VOIACCPTNBR,VOIACCSMNBR,VOIACCOPNBR,VOIACCOTNNBR,VOIACCOTHERNBR,VPNACCPONNBR,VPNACCPTNBR,VPNACCSMNBR,VPNACCOPNBR,VPNACCOTNNBR,VPNACCOTHERNBR,NETACC4MNBR,NETACC10MNBR,NETACC20MNBR,NETACC50MNBR,NETACC100MNBR,NETACC200MNBR,NETACC500MNBR,NETACC1GNBR,NETACC5GNBR,NETACC10GNBR,NETACCMORE10GNBR,DATAACC4MNBR,DATAACC10MNBR,DATAACC20MNBR,DATAACC50MNBR,DATAACC100MNBR,DATAACC200MNBR,DATAACC500MNBR,DATAACC1GNBR,DATAACC5GNBR,DATAACC10GNBR,DATAACCMORE10GNBR,NETACCUSERNBR,DATAACCUSERNBR,VOICEACCUSERNBR,VPNACCUSERNBR,APNACCUSERNBR,SMSACCUSERNBR",
		"charset":"utf-8",
		"x":"1"
	}
}
2017-10-11 15:10:07  [ main:743 ] - [ INFO ]  Processing...F:/BAK/temp/FTP采集配置记录.xlsx
2017-10-11 15:10:07  [ main:915 ] - [ INFO ]  Loaded JDBC driver: oracle.jdbc.driver.OracleDriver
2017-10-11 15:29:05  [ main:0 ] - [ INFO ]  Loaded JDBC driver: oracle.jdbc.driver.OracleDriver
2017-10-11 15:34:38  [ main:0 ] - [ INFO ]  Loaded JDBC driver: oracle.jdbc.driver.OracleDriver
2017-10-11 15:34:39  [ main:1199 ] - [ INFO ]  Loaded JDBC driver: oracle.jdbc.driver.OracleDriver
2017-10-11 17:54:06  [ main:0 ] - [ INFO ]  Processing...F:/BAK/temp/新建 FTP采集模板 - 样例.xlsx
2017-10-11 17:54:07  [ main:755 ] - [ INFO ]  {
	"id":"FTP-EXAMPLE",
	"url":"ftp://inas:1Na512#$@10.221.232.140:21//home/BassFtpUser/jikeOrder/JK_NRTM_BSday_SH_(.*?)_P01_END.csv",
	"maxTimeSql":"select nvl(max(TIME),trunc(sysdate-3)) from ipmsdw.O_SE_ST_GCUST_BS_D",
	"insertSql":"insert into ipmsdw.O_SE_ST_GCUST_BS_D (TIME,CHARGENAME,CHARGEPHONE,PROVINCE_ID,STARTTIMEDAY,NETACCNBR,DATAACCNBR,VOICEACCNBR,VPNACCNBR,APNACCNBR,SMSACCNBR,NETACCAAANBR,NETACCAANBR,NETACCANBR,NETACCCOMNBR,DATAACCAAANBR,DATAACCAANBR,DATAACCANBR,DATAACCCOMNBR,VOIACCAAANBR,VOIACCAANBR,VOIACCANBR,VOIACCCOMNBR,VPNACCAAANBR,VPNACCAANBR,VPNACCANBR,VPNACCCOMNBR,APNACCAAANBR,APNACCAANBR,APNACCANBR,APNACCCOMNBR,SMSACCAAANBR,SMSACCAANBR,SMSACCANBR,SMSACCCOMNBR,NETACCGOLDNBR,NETACCAGNBR,NETACCCUNBR,NETACCSTANBR,DATAACCGOLDNBR,DATAACCAGNBR,DATAACCCUNBR,DATAACCSTANBR,VOIACCGOLDNBR,VOIACCAGNBR,VOIACCCUNBR,VOIACCSTANBR,VPNACCGOLDNBR,VPNACCAGNBR,VPNACCCUNBR,VPNACCSTANBR,APNACCGOLDNBR,APNACCAGNBR,APNACCCUNBR,APNACCSTANBR,SMSACCGOLDNBR,SMSACCAGNBR,SMSACCCUNBR,SMSACCSTANBR,NETACCPONNBR,NETACCPTNBR,NETACCSMNBR,NETACCOPNBR,NETACCOTNNBR,NETACCOTHERNBR,DATAACCPONNBR,DATAACCPTNBR,DATAACCSMNBR,DATAACCOPNBR,DATAACCOTNNBR,DATAACCOTHERNBR,VOIACCPONNBR,VOIACCPTNBR,VOIACCSMNBR,VOIACCOPNBR,VOIACCOTNNBR,VOIACCOTHERNBR,VPNACCPONNBR,VPNACCPTNBR,VPNACCSMNBR,VPNACCOPNBR,VPNACCOTNNBR,VPNACCOTHERNBR,NETACC4MNBR,NETACC10MNBR,NETACC20MNBR,NETACC50MNBR,NETACC100MNBR,NETACC200MNBR,NETACC500MNBR,NETACC1GNBR,NETACC5GNBR,NETACC10GNBR,NETACCMORE12GNBR,DATAACC4MNBR,DATAACC10MNBR,DATAACC20MNBR,DATAACC50MNBR,DATAACC100MNBR,DATAACC200MNBR,DATAACC500MNBR,DATAACC1GNBR,DATAACC5GNBR,DATAACC10GNBR,DATAACCMORE12GNBR,NETACCUSERNBR,DATAACCUSERNBR,VOICEACCUSERNBR,VPNACCUSERNBR,APNACCUSERNBR,SMSACCUSERNBR) values (to_date(?,'SYYYY-MM-DD HH24:MI:SS'),?,?,?,?,?,?,?,?,?,?,?,?,?,?,?,?,?,?,?,?,?,?,?,?,?,?,?,?,?,?,?,?,?,?,?,?,?,?,?,?,?,?,?,?,?,?,?,?,?,?,?,?,?,?,?,?,?,?,?,?,?,?,?,?,?,?,?,?,?,?,?,?,?,?,?,?,?,?,?,?,?,?,?,?,?,?,?,?,?,?,?,?,?,?,?,?,?,?,?,?,?,?,?,?,?,?,?,?,?,?)",
	"insertParam":"TIME,CHARGENAME,CHARGEPHONE,PROVINCE_ID,STARTTIMEDAY,NETACCNBR,DATAACCNBR,VOICEACCNBR,VPNACCNBR,APNACCNBR,SMSACCNBR,NETACCAAANBR,NETACCAANBR,NETACCANBR,NETACCCOMNBR,DATAACCAAANBR,DATAACCAANBR,DATAACCANBR,DATAACCCOMNBR,VOIACCAAANBR,VOIACCAANBR,VOIACCANBR,VOIACCCOMNBR,VPNACCAAANBR,VPNACCAANBR,VPNACCANBR,VPNACCCOMNBR,APNACCAAANBR,APNACCAANBR,APNACCANBR,APNACCCOMNBR,SMSACCAAANBR,SMSACCAANBR,SMSACCANBR,SMSACCCOMNBR,NETACCGOLDNBR,NETACCAGNBR,NETACCCUNBR,NETACCSTANBR,DATAACCGOLDNBR,DATAACCAGNBR,DATAACCCUNBR,DATAACCSTANBR,VOIACCGOLDNBR,VOIACCAGNBR,VOIACCCUNBR,VOIACCSTANBR,VPNACCGOLDNBR,VPNACCAGNBR,VPNACCCUNBR,VPNACCSTANBR,APNACCGOLDNBR,APNACCAGNBR,APNACCCUNBR,APNACCSTANBR,SMSACCGOLDNBR,SMSACCAGNBR,SMSACCCUNBR,SMSACCSTANBR,NETACCPONNBR,NETACCPTNBR,NETACCSMNBR,NETACCOPNBR,NETACCOTNNBR,NETACCOTHERNBR,DATAACCPONNBR,DATAACCPTNBR,DATAACCSMNBR,DATAACCOPNBR,DATAACCOTNNBR,DATAACCOTHERNBR,VOIACCPONNBR,VOIACCPTNBR,VOIACCSMNBR,VOIACCOPNBR,VOIACCOTNNBR,VOIACCOTHERNBR,VPNACCPONNBR,VPNACCPTNBR,VPNACCSMNBR,VPNACCOPNBR,VPNACCOTNNBR,VPNACCOTHERNBR,NETACC4MNBR,NETACC10MNBR,NETACC20MNBR,NETACC50MNBR,NETACC100MNBR,NETACC200MNBR,NETACC500MNBR,NETACC1GNBR,NETACC5GNBR,NETACC10GNBR,NETACCMORE11GNBR,DATAACC4MNBR,DATAACC10MNBR,DATAACC20MNBR,DATAACC50MNBR,DATAACC100MNBR,DATAACC200MNBR,DATAACC500MNBR,DATAACC1GNBR,DATAACC5GNBR,DATAACC10GNBR,DATAACCMORE11GNBR,NETACCUSERNBR,DATAACCUSERNBR,VOICEACCUSERNBR,VPNACCUSERNBR,APNACCUSERNBR,SMSACCUSERNBR",
	"parerClass":"com.eastcom_sw.inas.collect.parser.CsvParser",
	"extInfo":{
		"seperator":"|",
		"headsName":"TIME,CHARGENAME,CHARGEPHONE,PROVINCE_ID,STARTTIMEDAY,NETACCNBR,DATAACCNBR,VOICEACCNBR,VPNACCNBR,APNACCNBR,SMSACCNBR,NETACCAAANBR,NETACCAANBR,NETACCANBR,NETACCCOMNBR,DATAACCAAANBR,DATAACCAANBR,DATAACCANBR,DATAACCCOMNBR,VOIACCAAANBR,VOIACCAANBR,VOIACCANBR,VOIACCCOMNBR,VPNACCAAANBR,VPNACCAANBR,VPNACCANBR,VPNACCCOMNBR,APNACCAAANBR,APNACCAANBR,APNACCANBR,APNACCCOMNBR,SMSACCAAANBR,SMSACCAANBR,SMSACCANBR,SMSACCCOMNBR,NETACCGOLDNBR,NETACCAGNBR,NETACCCUNBR,NETACCSTANBR,DATAACCGOLDNBR,DATAACCAGNBR,DATAACCCUNBR,DATAACCSTANBR,VOIACCGOLDNBR,VOIACCAGNBR,VOIACCCUNBR,VOIACCSTANBR,VPNACCGOLDNBR,VPNACCAGNBR,VPNACCCUNBR,VPNACCSTANBR,APNACCGOLDNBR,APNACCAGNBR,APNACCCUNBR,APNACCSTANBR,SMSACCGOLDNBR,SMSACCAGNBR,SMSACCCUNBR,SMSACCSTANBR,NETACCPONNBR,NETACCPTNBR,NETACCSMNBR,NETACCOPNBR,NETACCOTNNBR,NETACCOTHERNBR,DATAACCPONNBR,DATAACCPTNBR,DATAACCSMNBR,DATAACCOPNBR,DATAACCOTNNBR,DATAACCOTHERNBR,VOIACCPONNBR,VOIACCPTNBR,VOIACCSMNBR,VOIACCOPNBR,VOIACCOTNNBR,VOIACCOTHERNBR,VPNACCPONNBR,VPNACCPTNBR,VPNACCSMNBR,VPNACCOPNBR,VPNACCOTNNBR,VPNACCOTHERNBR,NETACC4MNBR,NETACC10MNBR,NETACC20MNBR,NETACC50MNBR,NETACC100MNBR,NETACC200MNBR,NETACC500MNBR,NETACC1GNBR,NETACC5GNBR,NETACC10GNBR,NETACCMORE10GNBR,DATAACC4MNBR,DATAACC10MNBR,DATAACC20MNBR,DATAACC50MNBR,DATAACC100MNBR,DATAACC200MNBR,DATAACC500MNBR,DATAACC1GNBR,DATAACC5GNBR,DATAACC10GNBR,DATAACCMORE10GNBR,NETACCUSERNBR,DATAACCUSERNBR,VOICEACCUSERNBR,VPNACCUSERNBR,APNACCUSERNBR,SMSACCUSERNBR",
		"charset":"utf-8",
		"x":"1"
	}
}
2017-10-11 17:54:07  [ main:756 ] - [ INFO ]  Processing...F:/BAK/temp/FTP采集配置记录.xlsx
2017-10-11 17:56:30  [ main:0 ] - [ INFO ]  Processing...F:/BAK/temp/新建 FTP采集模板 - 样例.xlsx
2017-10-11 17:56:31  [ main:718 ] - [ INFO ]  {
	"id":"FTP-EXAMPLE",
	"url":"ftp://inas:1Na512#$@10.221.232.140:21//home/BassFtpUser/jikeOrder/JK_NRTM_BSday_SH_(.*?)_P01_END.csv",
	"maxTimeSql":"select nvl(max(TIME),trunc(sysdate-3)) from ipmsdw.O_SE_ST_GCUST_BS_D",
	"insertSql":"insert into ipmsdw.O_SE_ST_GCUST_BS_D (TIME,CHARGENAME,CHARGEPHONE,PROVINCE_ID,STARTTIMEDAY,NETACCNBR,DATAACCNBR,VOICEACCNBR,VPNACCNBR,APNACCNBR,SMSACCNBR,NETACCAAANBR,NETACCAANBR,NETACCANBR,NETACCCOMNBR,DATAACCAAANBR,DATAACCAANBR,DATAACCANBR,DATAACCCOMNBR,VOIACCAAANBR,VOIACCAANBR,VOIACCANBR,VOIACCCOMNBR,VPNACCAAANBR,VPNACCAANBR,VPNACCANBR,VPNACCCOMNBR,APNACCAAANBR,APNACCAANBR,APNACCANBR,APNACCCOMNBR,SMSACCAAANBR,SMSACCAANBR,SMSACCANBR,SMSACCCOMNBR,NETACCGOLDNBR,NETACCAGNBR,NETACCCUNBR,NETACCSTANBR,DATAACCGOLDNBR,DATAACCAGNBR,DATAACCCUNBR,DATAACCSTANBR,VOIACCGOLDNBR,VOIACCAGNBR,VOIACCCUNBR,VOIACCSTANBR,VPNACCGOLDNBR,VPNACCAGNBR,VPNACCCUNBR,VPNACCSTANBR,APNACCGOLDNBR,APNACCAGNBR,APNACCCUNBR,APNACCSTANBR,SMSACCGOLDNBR,SMSACCAGNBR,SMSACCCUNBR,SMSACCSTANBR,NETACCPONNBR,NETACCPTNBR,NETACCSMNBR,NETACCOPNBR,NETACCOTNNBR,NETACCOTHERNBR,DATAACCPONNBR,DATAACCPTNBR,DATAACCSMNBR,DATAACCOPNBR,DATAACCOTNNBR,DATAACCOTHERNBR,VOIACCPONNBR,VOIACCPTNBR,VOIACCSMNBR,VOIACCOPNBR,VOIACCOTNNBR,VOIACCOTHERNBR,VPNACCPONNBR,VPNACCPTNBR,VPNACCSMNBR,VPNACCOPNBR,VPNACCOTNNBR,VPNACCOTHERNBR,NETACC4MNBR,NETACC10MNBR,NETACC20MNBR,NETACC50MNBR,NETACC100MNBR,NETACC200MNBR,NETACC500MNBR,NETACC1GNBR,NETACC5GNBR,NETACC10GNBR,NETACCMORE12GNBR,DATAACC4MNBR,DATAACC10MNBR,DATAACC20MNBR,DATAACC50MNBR,DATAACC100MNBR,DATAACC200MNBR,DATAACC500MNBR,DATAACC1GNBR,DATAACC5GNBR,DATAACC10GNBR,DATAACCMORE12GNBR,NETACCUSERNBR,DATAACCUSERNBR,VOICEACCUSERNBR,VPNACCUSERNBR,APNACCUSERNBR,SMSACCUSERNBR) values (to_date(?,'SYYYY-MM-DD HH24:MI:SS'),?,?,?,?,?,?,?,?,?,?,?,?,?,?,?,?,?,?,?,?,?,?,?,?,?,?,?,?,?,?,?,?,?,?,?,?,?,?,?,?,?,?,?,?,?,?,?,?,?,?,?,?,?,?,?,?,?,?,?,?,?,?,?,?,?,?,?,?,?,?,?,?,?,?,?,?,?,?,?,?,?,?,?,?,?,?,?,?,?,?,?,?,?,?,?,?,?,?,?,?,?,?,?,?,?,?,?,?,?,?)",
	"insertParam":"TIME,CHARGENAME,CHARGEPHONE,PROVINCE_ID,STARTTIMEDAY,NETACCNBR,DATAACCNBR,VOICEACCNBR,VPNACCNBR,APNACCNBR,SMSACCNBR,NETACCAAANBR,NETACCAANBR,NETACCANBR,NETACCCOMNBR,DATAACCAAANBR,DATAACCAANBR,DATAACCANBR,DATAACCCOMNBR,VOIACCAAANBR,VOIACCAANBR,VOIACCANBR,VOIACCCOMNBR,VPNACCAAANBR,VPNACCAANBR,VPNACCANBR,VPNACCCOMNBR,APNACCAAANBR,APNACCAANBR,APNACCANBR,APNACCCOMNBR,SMSACCAAANBR,SMSACCAANBR,SMSACCANBR,SMSACCCOMNBR,NETACCGOLDNBR,NETACCAGNBR,NETACCCUNBR,NETACCSTANBR,DATAACCGOLDNBR,DATAACCAGNBR,DATAACCCUNBR,DATAACCSTANBR,VOIACCGOLDNBR,VOIACCAGNBR,VOIACCCUNBR,VOIACCSTANBR,VPNACCGOLDNBR,VPNACCAGNBR,VPNACCCUNBR,VPNACCSTANBR,APNACCGOLDNBR,APNACCAGNBR,APNACCCUNBR,APNACCSTANBR,SMSACCGOLDNBR,SMSACCAGNBR,SMSACCCUNBR,SMSACCSTANBR,NETACCPONNBR,NETACCPTNBR,NETACCSMNBR,NETACCOPNBR,NETACCOTNNBR,NETACCOTHERNBR,DATAACCPONNBR,DATAACCPTNBR,DATAACCSMNBR,DATAACCOPNBR,DATAACCOTNNBR,DATAACCOTHERNBR,VOIACCPONNBR,VOIACCPTNBR,VOIACCSMNBR,VOIACCOPNBR,VOIACCOTNNBR,VOIACCOTHERNBR,VPNACCPONNBR,VPNACCPTNBR,VPNACCSMNBR,VPNACCOPNBR,VPNACCOTNNBR,VPNACCOTHERNBR,NETACC4MNBR,NETACC10MNBR,NETACC20MNBR,NETACC50MNBR,NETACC100MNBR,NETACC200MNBR,NETACC500MNBR,NETACC1GNBR,NETACC5GNBR,NETACC10GNBR,NETACCMORE11GNBR,DATAACC4MNBR,DATAACC10MNBR,DATAACC20MNBR,DATAACC50MNBR,DATAACC100MNBR,DATAACC200MNBR,DATAACC500MNBR,DATAACC1GNBR,DATAACC5GNBR,DATAACC10GNBR,DATAACCMORE11GNBR,NETACCUSERNBR,DATAACCUSERNBR,VOICEACCUSERNBR,VPNACCUSERNBR,APNACCUSERNBR,SMSACCUSERNBR",
	"parerClass":"com.eastcom_sw.inas.collect.parser.CsvParser",
	"extInfo":{
		"seperator":"|",
		"headsName":"TIME,CHARGENAME,CHARGEPHONE,PROVINCE_ID,STARTTIMEDAY,NETACCNBR,DATAACCNBR,VOICEACCNBR,VPNACCNBR,APNACCNBR,SMSACCNBR,NETACCAAANBR,NETACCAANBR,NETACCANBR,NETACCCOMNBR,DATAACCAAANBR,DATAACCAANBR,DATAACCANBR,DATAACCCOMNBR,VOIACCAAANBR,VOIACCAANBR,VOIACCANBR,VOIACCCOMNBR,VPNACCAAANBR,VPNACCAANBR,VPNACCANBR,VPNACCCOMNBR,APNACCAAANBR,APNACCAANBR,APNACCANBR,APNACCCOMNBR,SMSACCAAANBR,SMSACCAANBR,SMSACCANBR,SMSACCCOMNBR,NETACCGOLDNBR,NETACCAGNBR,NETACCCUNBR,NETACCSTANBR,DATAACCGOLDNBR,DATAACCAGNBR,DATAACCCUNBR,DATAACCSTANBR,VOIACCGOLDNBR,VOIACCAGNBR,VOIACCCUNBR,VOIACCSTANBR,VPNACCGOLDNBR,VPNACCAGNBR,VPNACCCUNBR,VPNACCSTANBR,APNACCGOLDNBR,APNACCAGNBR,APNACCCUNBR,APNACCSTANBR,SMSACCGOLDNBR,SMSACCAGNBR,SMSACCCUNBR,SMSACCSTANBR,NETACCPONNBR,NETACCPTNBR,NETACCSMNBR,NETACCOPNBR,NETACCOTNNBR,NETACCOTHERNBR,DATAACCPONNBR,DATAACCPTNBR,DATAACCSMNBR,DATAACCOPNBR,DATAACCOTNNBR,DATAACCOTHERNBR,VOIACCPONNBR,VOIACCPTNBR,VOIACCSMNBR,VOIACCOPNBR,VOIACCOTNNBR,VOIACCOTHERNBR,VPNACCPONNBR,VPNACCPTNBR,VPNACCSMNBR,VPNACCOPNBR,VPNACCOTNNBR,VPNACCOTHERNBR,NETACC4MNBR,NETACC10MNBR,NETACC20MNBR,NETACC50MNBR,NETACC100MNBR,NETACC200MNBR,NETACC500MNBR,NETACC1GNBR,NETACC5GNBR,NETACC10GNBR,NETACCMORE10GNBR,DATAACC4MNBR,DATAACC10MNBR,DATAACC20MNBR,DATAACC50MNBR,DATAACC100MNBR,DATAACC200MNBR,DATAACC500MNBR,DATAACC1GNBR,DATAACC5GNBR,DATAACC10GNBR,DATAACCMORE10GNBR,NETACCUSERNBR,DATAACCUSERNBR,VOICEACCUSERNBR,VPNACCUSERNBR,APNACCUSERNBR,SMSACCUSERNBR",
		"charset":"utf-8",
		"x":"1"
	}
}
2017-10-11 17:56:31  [ main:719 ] - [ INFO ]  Processing...F:/BAK/temp/FTP采集配置记录.xlsx
