2017-08-21 17:52:45  [ main:0 ] - [ INFO ]                                                                                
                                                                              
                                                                              
                                                                              
                                                                              
                                                                              
                                                                              
 *** ***         *******                  ***                                 
  ** **          *  *  *                    *                                 
  ** **             *                       *                                 
  ** **             *                       *                                 
  ** **  ***  ***   *      ****    ****     *                                 
  * * *   *    *    *     *    *  *    *    *                                 
  * * *    *  *     *     *    *  *    *    *                                 
  * * *    *  *     *     *    *  *    *    *                                 
  * * *    * *      *     *    *  *    *    *                                 
  * * *     **      *     *   *   *   *     *                                 
 ** * **    *      ***     ****    ****   *****                               
            *                                                                 
         ***                                                                  

2017-08-21 17:55:47  [ main:0 ] - [ INFO ]                                                                                
                                                                              
                                                                              
                                                                              
                                                                              
                                                                              
                                                                              
 *** ***         *******                  ***                                 
  ** **          *  *  *                    *                                 
  ** **             *                       *                                 
  ** **             *                       *                                 
  ** **  ***  ***   *      ****    ****     *                                 
  * * *   *    *    *     *    *  *    *    *                                 
  * * *    *  *     *     *    *  *    *    *                                 
  * * *    *  *     *     *    *  *    *    *                                 
  * * *    * *      *     *    *  *    *    *                                 
  * * *     **      *     *   *   *   *     *                                 
 ** * **    *      ***     ****    ****   *****                               
            *                                                                 
         ***                                                                  

2017-08-21 17:56:10  [ main:0 ] - [ INFO ]                                                                                
                                                                              
                                                                              
                                                                              
                                                                              
                                                                              
                                                                              
 *** ***         *******                  ***                                 
  ** **          *  *  *                    *                                 
  ** **             *                       *                                 
  ** **             *                       *                                 
  ** **  ***  ***   *      ****    ****     *                                 
  * * *   *    *    *     *    *  *    *    *                                 
  * * *    *  *     *     *    *  *    *    *                                 
  * * *    *  *     *     *    *  *    *    *                                 
  * * *    * *      *     *    *  *    *    *                                 
  * * *     **      *     *   *   *   *     *                                 
 ** * **    *      ***     ****    ****   *****                               
            *                                                                 
         ***                                                                  

2017-08-21 17:57:39  [ main:0 ] - [ INFO ]                                                                                
                                                                              
                                                                              
                                                                              
                                                                              
                                                                              
                                                                              
 **** ***          ********                    ****                           
 **** **           ** ** **                      **                           
 **** **              **                         **                           
 **** **              **                         **                           
 **** **  **** ****   **      *****    *****     **                           
 ** ** *   **   **    **     **   **  **   **    **                           
 ** ** *    ** **     **     **   **  **   **    **                           
 ** ** *    ** **     **     **   **  **   **    **                           
 ** ** *    ** *      **     **   **  **   **    **                           
 ** ** *     ***      **     **  **   **  **     **                           
 ** ** **    **      ****     *****    *****   ******                         
             **                                                               
          ****                                                                

2017-08-21 17:57:49  [ main:0 ] - [ INFO ]                                                                                
                                                                              
                                                                              
                                                                              
                                                                              
                                                                              
                                                                              
   *** ***         ******                   ***                               
    ** **             *  *                    *                               
   * ***             *                       *                                
   * ***             *                       *                                
   * ***  ***  ***   *      ****    ****     *                                
   * * *   *    *    *     *    *  *    *    *                                
   *** *   *   *     *     *    *  *    *    *                                
   *** *    * *      *     *    *  *    *    *                                
  * * *     * *     *     *    *  *    *    *                                 
  * * *     **      *      *   *   *   *    *                                 
 ** * **    *      ***     ****    ****   *****                               
            *                                                                 
         ***                                                                  

2017-08-21 17:58:01  [ main:0 ] - [ INFO ]                                                                                
                                                                              
                                                                              
                                                                              
                                                                              
                                                                              
                                                                              
  **** ****          *******                     ****                         
   *** ***              ** **                      **                         
  ** ****              **                         **                          
  ** ****              **                         **                          
  ** ****  **** ****   **      *****    *****     **                          
  ** * **   **   **    **     **   **  **   **    **                          
  **** **   **  **     **     **   **  **   **    **                          
  **** **    ** *      **     **   **  **   **    **                          
 ** * **     ** *     **     **   **  **   **    **                           
 ** * **     ***      **      **  **   **  **    **                           
 ** * ***    **      ****     *****    *****   ******                         
             **                                                               
          ****                                                                

2017-08-21 17:58:12  [ main:1 ] - [ INFO ]                                                                                
                                                                              
                                                                              
                                                                              
                                                                              
                                                                              
                                                                              
 *** ***         *******                  ***                                 
  ** **          *  *  *                    *                                 
  ** **             *                       *                                 
  ** **             *                       *                                 
  ** **  ***  ***   *      ****    ****     *                                 
  * * *   *    *    *     *    *  *    *    *                                 
  * * *    *  *     *     *    *  *    *    *                                 
  * * *    *  *     *     *    *  *    *    *                                 
  * * *    * *      *     *    *  *    *    *                                 
  * * *     **      *     *   *   *   *     *                                 
 ** * **    *      ***     ****    ****   *****                               
            *                                                                 
         ***                                                                  

2017-08-21 17:59:08  [ main:0 ] - [ INFO ]                                                                                
                                                                              
                                                                              
                                                                              
                                                                              
                                                                              
                                                                              
 **** ***          ********                    ****                           
 **** **           ** ** **                      **                           
 **** **              **                         **                           
 **** **              **                         **                           
 **** **  **** ****   **      *****    *****     **                           
 ** ** *   **   **    **     **   **  **   **    **                           
 ** ** *    ** **     **     **   **  **   **    **                           
 ** ** *    ** **     **     **   **  **   **    **                           
 ** ** *    ** *      **     **   **  **   **    **                           
 ** ** *     ***      **     **  **   **  **     **                           
 ** ** **    **      ****     *****    *****   ******                         
             **                                                               
          ****                                                                

2017-08-21 17:59:29  [ main:0 ] - [ INFO ]                                                                                
                                                                              
                                                                              
                                                                              
       **             **   **                                                 
       **             **    **                                                
       **             ** *********                                            
  **************     **                                                       
      **             **                                                       
     **  *          ***  ********                                             
    **  **          ***                                                       
   **   **         ****                                                       
   ************   ** **  ********                                             
        **           **                                                       
     ** ** **        **                                                       
    **  **  **       **  ********                                             
   **   **   **      **  **    **                                             
  **     *    **     **  **    **                                             
      ** *           **  ********                                             
       **            **  **    **                                             

2017-08-21 18:01:59  [ main:0 ] - [ INFO ]                                                                                
                                                                              
                                                                              
                                                                              
                                                                              
          **            ***  **                                               
          **            **   ***                                              
   ***************     **    **  **                                           
        **             ** **** ***                                            
        ** *          **        **                                            
       **  *          **   ******                                             
      **  **  **    ****                                                      
    ** ********    ** ** *********                                            
       ** **          **                                                      
      *** *  *       **  *********                                            
    **    *  ***     **  **    **                                             
   **    **   ***    **  **    **                                             
  **     **    **    **  **    **                                             
       ****          ** ** *****                                              
                                                                              

2017-08-21 18:03:06  [ main:0 ] - [ INFO ]                                                                                
                                                                              
                                                                              
                                                                              
       *             *    *                                                   
       *             *     *                                                  
       *             * *********                                              
  *************     *                                                         
      *             *                                                         
     *  *          **   *******                                               
    *   *          **                                                         
   *    *         * *                                                         
   ***********   *  *   *******                                               
        *           *                                                         
     *  *  *        *                                                         
    *   *   *       *   *******                                               
   *    *    *      *   *     *                                               
  *     *     *     *   *     *                                               
      * *           *   *******                                               
       *            *   *     *                                               

2017-08-21 18:03:39  [ main:0 ] - [ INFO ]                                                                                
                                                                              
                                                                              
                                                                              
                                                                              
                                                                              
                                                                              
 **** ***          ********                    ****                           
 **** **           ** ** **                      **                           
 **** **              **                         **                           
 **** **              **                         **                           
 **** **  **** ****   **      *****    *****     **                           
 ** ** *   **   **    **     **   **  **   **    **                           
 ** ** *    ** **     **     **   **  **   **    **                           
 ** ** *    ** **     **     **   **  **   **    **                           
 ** ** *    ** *      **     **   **  **   **    **                           
 ** ** *     ***      **     **  **   **  **     **                           
 ** ** **    **      ****     *****    *****   ******                         
             **                                                               
          ****                                                                

2017-08-21 18:04:10  [ main:0 ] - [ INFO ]                                                                                
                                                                              
                                                                              
                                                                              
                                                                              
                                                                              
                                                                              
   *** ***         ******                   ***                               
    ** **             *  *                    *                               
   * ***             *                       *                                
   * ***             *                       *                                
   * ***  ***  ***   *      ****    ****     *                                
   * * *   *    *    *     *    *  *    *    *                                
   *** *   *   *     *     *    *  *    *    *                                
   *** *    * *      *     *    *  *    *    *                                
  * * *     * *     *     *    *  *    *    *                                 
  * * *     **      *      *   *   *   *    *                                 
 ** * **    *      ***     ****    ****   *****                               
            *                                                                 
         ***                                                                  

2017-08-21 18:04:29  [ main:0 ] - [ INFO ]                                                                                
                                                                              
                                                                              
                                                                              
                                                                              
                                                                              
                                                                              
 *** ***         *******                  ***                                 
  ** **          *  *  *                    *                                 
  ** **             *                       *                                 
  ** **             *                       *                                 
  ** **  ***  ***   *      ****    ****     *                                 
  * * *   *    *    *     *    *  *    *    *                                 
  * * *    *  *     *     *    *  *    *    *                                 
  * * *    *  *     *     *    *  *    *    *                                 
  * * *    * *      *     *    *  *    *    *                                 
  * * *     **      *     *   *   *   *     *                                 
 ** * **    *      ***     ****    ****   *****                               
            *                                                                 
         ***                                                                  

